<?xml version="1.0" encoding="UTF-8"?>
<coverage generated="1557413472315" clover="3.2.0">
  <project timestamp="1557413472316" name="All files">
    <metrics statements="51" coveredstatements="50" conditionals="4" coveredconditionals="3" methods="6" coveredmethods="6" elements="61" coveredelements="59" complexity="0" loc="51" ncloc="51" packages="5" files="8" classes="8">
      <package name="src">
        <metrics statements="7" coveredstatements="6" conditionals="0" coveredconditionals="0" methods="1" coveredmethods="1"/>
        <file name="App.vue" path="/Users/devdots/Documents/foreign-exchange-currency/src/App.vue">
          <metrics statements="2" coveredstatements="2" conditionals="0" coveredconditionals="0" methods="0" coveredmethods="0"/>
          <line num="11" count="1" type="stmt"/>
          <line num="12" count="1" type="stmt"/>
        </file>
        <file name="service.js" path="/Users/devdots/Documents/foreign-exchange-currency/src/service.js">
          <metrics statements="4" coveredstatements="3" conditionals="0" coveredconditionals="0" methods="1" coveredmethods="1"/>
          <line num="4" count="12" type="stmt"/>
          <line num="5" count="12" type="stmt"/>
          <line num="6" count="12" type="stmt"/>
          <line num="8" count="0" type="stmt"/>
        </file>
        <file name="store.js" path="/Users/devdots/Documents/foreign-exchange-currency/src/store.js">
          <metrics statements="1" coveredstatements="1" conditionals="0" coveredconditionals="0" methods="0" coveredmethods="0"/>
          <line num="5" count="1" type="stmt"/>
        </file>
      </package>
      <package name="src.components">
        <metrics statements="6" coveredstatements="6" conditionals="0" coveredconditionals="0" methods="0" coveredmethods="0"/>
        <file name="CurrencyCards.vue" path="/Users/devdots/Documents/foreign-exchange-currency/src/components/CurrencyCards.vue">
          <metrics statements="1" coveredstatements="1" conditionals="0" coveredconditionals="0" methods="0" coveredmethods="0"/>
          <line num="33" count="1" type="stmt"/>
        </file>
        <file name="Snackbar.vue" path="/Users/devdots/Documents/foreign-exchange-currency/src/components/Snackbar.vue">
          <metrics statements="5" coveredstatements="5" conditionals="0" coveredconditionals="0" methods="0" coveredmethods="0"/>
          <line num="18" count="3" type="stmt"/>
          <line num="21" count="1" type="stmt"/>
          <line num="25" count="3" type="stmt"/>
          <line num="28" count="3" type="stmt"/>
          <line num="33" count="2" type="stmt"/>
        </file>
      </package>
      <package name="src.fixtures">
        <metrics statements="1" coveredstatements="1" conditionals="0" coveredconditionals="0" methods="0" coveredmethods="0"/>
        <file name="currency.js" path="/Users/devdots/Documents/foreign-exchange-currency/src/fixtures/currency.js">
          <metrics statements="1" coveredstatements="1" conditionals="0" coveredconditionals="0" methods="0" coveredmethods="0"/>
          <line num="1" count="1" type="stmt"/>
        </file>
      </package>
      <package name="src.modules">
        <metrics statements="6" coveredstatements="6" conditionals="0" coveredconditionals="0" methods="2" coveredmethods="2"/>
        <file name="snackbar.js" path="/Users/devdots/Documents/foreign-exchange-currency/src/modules/snackbar.js">
          <metrics statements="6" coveredstatements="6" conditionals="0" coveredconditionals="0" methods="2" coveredmethods="2"/>
          <line num="1" count="2" type="stmt"/>
          <line num="10" count="1" type="stmt"/>
          <line num="11" count="1" type="stmt"/>
          <line num="12" count="1" type="stmt"/>
          <line num="15" count="1" type="stmt"/>
          <line num="16" count="1" type="stmt"/>
        </file>
      </package>
      <package name="src.views">
        <metrics statements="31" coveredstatements="31" conditionals="4" coveredconditionals="3" methods="3" coveredmethods="3"/>
        <file name="Home.vue" path="/Users/devdots/Documents/foreign-exchange-currency/src/views/Home.vue">
          <metrics statements="31" coveredstatements="31" conditionals="4" coveredconditionals="3" methods="3" coveredmethods="3"/>
          <line num="40" count="1" type="stmt"/>
          <line num="41" count="1" type="stmt"/>
          <line num="42" count="1" type="stmt"/>
          <line num="49" count="12" type="stmt"/>
          <line num="60" count="13" type="stmt"/>
          <line num="62" count="1" type="cond" truecount="1" falsecount="1"/>
          <line num="63" count="1" type="stmt"/>
          <line num="64" count="1" type="stmt"/>
          <line num="65" count="1" type="stmt"/>
          <line num="68" count="8" type="stmt"/>
          <line num="70" count="8" type="stmt"/>
          <line num="75" count="13" type="stmt"/>
          <line num="82" count="15" type="stmt"/>
          <line num="86" count="1" type="stmt"/>
          <line num="87" count="1" type="stmt"/>
          <line num="91" count="1" type="stmt"/>
          <line num="92" count="1" type="stmt"/>
          <line num="96" count="2" type="cond" truecount="2" falsecount="0"/>
          <line num="97" count="1" type="stmt"/>
          <line num="102" count="1" type="stmt"/>
          <line num="105" count="1" type="stmt"/>
          <line num="108" count="1" type="stmt"/>
          <line num="110" count="1" type="stmt"/>
          <line num="112" count="1" type="stmt"/>
          <line num="114" count="1" type="stmt"/>
          <line num="115" count="1" type="stmt"/>
          <line num="119" count="1" type="stmt"/>
          <line num="122" count="1" type="stmt"/>
          <line num="125" count="1" type="stmt"/>
          <line num="128" count="1" type="stmt"/>
          <line num="132" count="12" type="stmt"/>
        </file>
      </package>
    </metrics>
  </project>
</coverage>
