{"/Users/devdots/Documents/foreign-exchange-currency/src/App.vue": {"path":"/Users/devdots/Documents/foreign-exchange-currency/src/App.vue","statementMap":{"0":{"start":{"line":11,"column":0},"end":{"line":null,"column":-1}},"1":{"start":{"line":12,"column":0},"end":{"line":null,"column":-1}}},"fnMap":{},"branchMap":{},"s":{"0":0,"1":0},"f":{},"b":{}}
,"/Users/devdots/Documents/foreign-exchange-currency/src/service.js": {"path":"/Users/devdots/Documents/foreign-exchange-currency/src/service.js","statementMap":{"0":{"start":{"line":4,"column":14},"end":{"line":4,"column":33}},"1":{"start":{"line":5,"column":2},"end":{"line":9,"column":3}},"2":{"start":{"line":6,"column":4},"end":{"line":6,"column":26}},"3":{"start":{"line":8,"column":4},"end":{"line":8,"column":17}}},"fnMap":{"0":{"name":"getCurrencyService","decl":{"start":{"line":3,"column":22},"end":{"line":3,"column":40}},"loc":{"start":{"line":3,"column":43},"end":{"line":10,"column":1}},"line":3}},"branchMap":{},"s":{"0":13,"1":13,"2":13,"3":0},"f":{"0":13},"b":{},"_coverageSchema":"332fd63041d2c1bcb487cc26dd0d5f7d97098a6c","hash":"4a8b1d7b6cb67c1142ceb5a8bcc32484a4e0d976"}
,"/Users/devdots/Documents/foreign-exchange-currency/src/store.js": {"path":"/Users/devdots/Documents/foreign-exchange-currency/src/store.js","statementMap":{"0":{"start":{"line":1,"column":0},"end":{"line":null,"column":-1}},"1":{"start":{"line":2,"column":0},"end":{"line":null,"column":-1}},"2":{"start":{"line":3,"column":0},"end":{"line":null,"column":-1}},"3":{"start":{"line":5,"column":0},"end":{"line":null,"column":-1}}},"fnMap":{},"branchMap":{},"s":{"0":0,"1":0,"2":0,"3":0},"f":{},"b":{}}
,"/Users/devdots/Documents/foreign-exchange-currency/src/components/CurrencyCards.vue": {"path":"/Users/devdots/Documents/foreign-exchange-currency/src/components/CurrencyCards.vue","statementMap":{"0":{"start":{"line":33,"column":0},"end":{"line":null,"column":-1}}},"fnMap":{},"branchMap":{},"s":{"0":0},"f":{},"b":{}}
,"/Users/devdots/Documents/foreign-exchange-currency/src/components/Snackbar.vue": {"path":"/Users/devdots/Documents/foreign-exchange-currency/src/components/Snackbar.vue","statementMap":{"0":{"start":{"line":18,"column":0},"end":{"line":null,"column":-1}},"1":{"start":{"line":21,"column":0},"end":{"line":null,"column":-1}},"2":{"start":{"line":25,"column":0},"end":{"line":null,"column":-1}},"3":{"start":{"line":28,"column":0},"end":{"line":null,"column":-1}},"4":{"start":{"line":33,"column":0},"end":{"line":null,"column":-1}}},"fnMap":{},"branchMap":{},"s":{"0":0,"1":0,"2":0,"3":0,"4":0},"f":{},"b":{}}
,"/Users/devdots/Documents/foreign-exchange-currency/src/fixtures/currency.js": {"path":"/Users/devdots/Documents/foreign-exchange-currency/src/fixtures/currency.js","statementMap":{"0":{"start":{"line":1,"column":20},"end":{"line":35,"column":1}}},"fnMap":{},"branchMap":{},"s":{"0":1},"f":{},"b":{},"_coverageSchema":"332fd63041d2c1bcb487cc26dd0d5f7d97098a6c","hash":"291450df460d4e267cbf44b8c86e2edbee8aea3b"}
,"/Users/devdots/Documents/foreign-exchange-currency/src/modules/snackbar.js": {"path":"/Users/devdots/Documents/foreign-exchange-currency/src/modules/snackbar.js","statementMap":{"0":{"start":{"line":1,"column":17},"end":{"line":1,"column":0}},"1":{"start":{"line":10,"column":6},"end":{"line":null,"column":-1}},"2":{"start":{"line":11,"column":6},"end":{"line":null,"column":-1}},"3":{"start":{"line":12,"column":6},"end":{"line":null,"column":-1}},"4":{"start":{"line":15,"column":6},"end":{"line":null,"column":-1}},"5":{"start":{"line":16,"column":6},"end":{"line":null,"column":-1}}},"fnMap":{"0":{"name":"(anonymous_0)","decl":{"start":{"line":9,"column":10},"end":{"line":9,"column":11}},"loc":{"start":{"line":9,"column":30},"end":{"line":8,"column":13}}},"1":{"name":"(anonymous_1)","decl":{"start":{"line":14,"column":11},"end":{"line":14,"column":9}},"loc":{"start":{"line":14,"column":21},"end":{"line":17,"column":5}}}},"branchMap":{},"s":{"0":0,"1":0,"2":0,"3":0,"4":0,"5":0},"f":{"0":0,"1":0},"b":{}}
,"/Users/devdots/Documents/foreign-exchange-currency/src/views/Home.vue": {"path":"/Users/devdots/Documents/foreign-exchange-currency/src/views/Home.vue","statementMap":{"0":{"start":{"line":40,"column":0},"end":{"line":null,"column":-1}},"1":{"start":{"line":41,"column":0},"end":{"line":null,"column":-1}},"2":{"start":{"line":42,"column":0},"end":{"line":null,"column":-1}},"3":{"start":{"line":49,"column":0},"end":{"line":null,"column":-1}},"4":{"start":{"line":60,"column":0},"end":{"line":null,"column":-1}},"5":{"start":{"line":62,"column":0},"end":{"line":71,"column":0}},"6":{"start":{"line":63,"column":0},"end":{"line":null,"column":-1}},"7":{"start":{"line":64,"column":0},"end":{"line":null,"column":-1}},"8":{"start":{"line":65,"column":0},"end":{"line":null,"column":-1}},"9":{"start":{"line":68,"column":0},"end":{"line":null,"column":-1}},"10":{"start":{"line":70,"column":0},"end":{"line":null,"column":-1}},"11":{"start":{"line":75,"column":0},"end":{"line":null,"column":-1}},"12":{"start":{"line":82,"column":0},"end":{"line":null,"column":-1}},"13":{"start":{"line":86,"column":0},"end":{"line":null,"column":-1}},"14":{"start":{"line":87,"column":0},"end":{"line":null,"column":-1}},"15":{"start":{"line":91,"column":0},"end":{"line":null,"column":-1}},"16":{"start":{"line":92,"column":0},"end":{"line":null,"column":-1}},"17":{"start":{"line":96,"column":0},"end":{"line":104,"column":0}},"18":{"start":{"line":97,"column":0},"end":{"line":null,"column":-1}},"19":{"start":{"line":102,"column":0},"end":{"line":null,"column":-1}},"20":{"start":{"line":103,"column":0},"end":{"line":null,"column":-1}},"21":{"start":{"line":106,"column":0},"end":{"line":null,"column":-1}},"22":{"start":{"line":109,"column":0},"end":{"line":null,"column":-1}},"23":{"start":{"line":111,"column":0},"end":{"line":null,"column":-1}},"24":{"start":{"line":113,"column":0},"end":{"line":null,"column":-1}},"25":{"start":{"line":115,"column":0},"end":{"line":null,"column":-1}},"26":{"start":{"line":116,"column":0},"end":{"line":null,"column":-1}},"27":{"start":{"line":119,"column":0},"end":{"line":null,"column":-1}},"28":{"start":{"line":122,"column":0},"end":{"line":null,"column":-1}},"29":{"start":{"line":125,"column":0},"end":{"line":null,"column":-1}},"30":{"start":{"line":128,"column":0},"end":{"line":null,"column":-1}},"31":{"start":{"line":132,"column":0},"end":{"line":null,"column":-1}}},"fnMap":{"0":{"name":"(anonymous_1)","decl":{"start":{"line":68,"column":0},"end":{"line":null,"column":-1}},"loc":{"start":{"line":68,"column":0},"end":{"line":null,"column":-1}}},"1":{"name":"(anonymous_2)","decl":{"start":{"line":70,"column":0},"end":{"line":null,"column":-1}},"loc":{"start":{"line":70,"column":0},"end":{"line":null,"column":-1}}},"2":{"name":"(anonymous_3)","decl":{"start":{"line":75,"column":0},"end":{"line":null,"column":-1}},"loc":{"start":{"line":75,"column":0},"end":{"line":null,"column":-1}}}},"branchMap":{"0":{"loc":{"start":{"line":62,"column":0},"end":{"line":71,"column":0}},"type":"if","locations":[{"start":{"line":62,"column":0},"end":{"line":71,"column":0}},{"start":{"line":62,"column":0},"end":{"line":71,"column":0}}]},"1":{"loc":{"start":{"line":96,"column":0},"end":{"line":104,"column":0}},"type":"if","locations":[{"start":{"line":96,"column":0},"end":{"line":104,"column":0}},{"start":{"line":96,"column":0},"end":{"line":104,"column":0}}]}},"s":{"0":1,"1":1,"2":1,"3":13,"4":14,"5":1,"6":1,"7":1,"8":1,"9":5,"10":5,"11":10,"12":5,"13":1,"14":1,"15":1,"16":1,"17":2,"18":1,"19":1,"20":1,"21":1,"22":1,"23":1,"24":1,"25":1,"26":1,"27":1,"28":1,"29":1,"30":1,"31":13},"f":{"0":4,"1":4,"2":8},"b":{"0":[1,0],"1":[1,1]}}
}
