TN:
SF:/Users/devdots/Documents/foreign-exchange-currency/src/App.vue
FNF:0
FNH:0
DA:11,1
DA:12,1
LF:2
LH:2
BRF:0
BRH:0
end_of_record
TN:
SF:/Users/devdots/Documents/foreign-exchange-currency/src/service.js
FN:3,getCurrencyService
FNF:1
FNH:1
FNDA:13,getCurrencyService
DA:4,13
DA:5,13
DA:6,13
DA:8,0
LF:4
LH:3
BRF:0
BRH:0
end_of_record
TN:
SF:/Users/devdots/Documents/foreign-exchange-currency/src/components/CurrencyCards.vue
FNF:0
FNH:0
DA:33,1
LF:1
LH:1
BRF:0
BRH:0
end_of_record
TN:
SF:/Users/devdots/Documents/foreign-exchange-currency/src/components/Snackbar.vue
FNF:0
FNH:0
DA:18,0
DA:21,0
DA:25,0
DA:28,0
DA:33,0
LF:5
LH:0
BRF:0
BRH:0
end_of_record
TN:
SF:/Users/devdots/Documents/foreign-exchange-currency/src/fixtures/currency.js
FNF:0
FNH:0
DA:1,1
LF:1
LH:1
BRF:0
BRH:0
end_of_record
TN:
SF:/Users/devdots/Documents/foreign-exchange-currency/src/views/Home/index.vue
FN:70,(anonymous_1)
FN:75,(anonymous_2)
FN:113,(anonymous_3)
FN:133,(anonymous_4)
FNF:4
FNH:4
FNDA:4,(anonymous_1)
FNDA:8,(anonymous_2)
FNDA:4,(anonymous_3)
FNDA:3,(anonymous_4)
DA:40,1
DA:41,1
DA:42,1
DA:49,13
DA:61,14
DA:63,1
DA:64,1
DA:65,1
DA:68,1
DA:70,5
DA:75,10
DA:83,20
DA:87,1
DA:88,1
DA:92,1
DA:95,2
DA:96,1
DA:101,1
DA:102,1
DA:106,1
DA:107,1
DA:108,1
DA:109,1
DA:113,6
DA:114,4
DA:118,1
DA:121,1
DA:124,1
DA:127,1
DA:133,4
DA:139,1
DA:142,6
DA:146,13
LF:33
LH:33
BRDA:63,0,0,1
BRDA:63,0,1,0
BRDA:95,1,0,1
BRDA:95,1,1,1
BRF:4
BRH:3
end_of_record
