TN:
SF:/Users/devdots/Documents/foreign-exchange-currency/src/App.vue
FNF:0
FNH:0
DA:11,0
DA:12,0
LF:2
LH:0
BRF:0
BRH:0
end_of_record
TN:
SF:/Users/devdots/Documents/foreign-exchange-currency/src/service.js
FN:3,getCurrencyService
FNF:1
FNH:1
FNDA:13,getCurrencyService
DA:4,13
DA:5,13
DA:6,13
DA:8,0
LF:4
LH:3
BRF:0
BRH:0
end_of_record
TN:
SF:/Users/devdots/Documents/foreign-exchange-currency/src/store.js
FNF:0
FNH:0
DA:1,0
DA:2,0
DA:3,0
DA:5,0
LF:4
LH:0
BRF:0
BRH:0
end_of_record
TN:
SF:/Users/devdots/Documents/foreign-exchange-currency/src/components/CurrencyCards.vue
FNF:0
FNH:0
DA:33,0
LF:1
LH:0
BRF:0
BRH:0
end_of_record
TN:
SF:/Users/devdots/Documents/foreign-exchange-currency/src/components/Snackbar.vue
FNF:0
FNH:0
DA:18,0
DA:21,0
DA:25,0
DA:28,0
DA:33,0
LF:5
LH:0
BRF:0
BRH:0
end_of_record
TN:
SF:/Users/devdots/Documents/foreign-exchange-currency/src/fixtures/currency.js
FNF:0
FNH:0
DA:1,1
LF:1
LH:1
BRF:0
BRH:0
end_of_record
TN:
SF:/Users/devdots/Documents/foreign-exchange-currency/src/modules/snackbar.js
FN:9,(anonymous_0)
FN:14,(anonymous_1)
FNF:2
FNH:0
FNDA:0,(anonymous_0)
FNDA:0,(anonymous_1)
DA:1,0
DA:10,0
DA:11,0
DA:12,0
DA:15,0
DA:16,0
LF:6
LH:0
BRF:0
BRH:0
end_of_record
TN:
SF:/Users/devdots/Documents/foreign-exchange-currency/src/views/Home.vue
FN:68,(anonymous_1)
FN:70,(anonymous_2)
FN:75,(anonymous_3)
FNF:3
FNH:3
FNDA:4,(anonymous_1)
FNDA:4,(anonymous_2)
FNDA:8,(anonymous_3)
DA:40,1
DA:41,1
DA:42,1
DA:49,13
DA:60,14
DA:62,1
DA:63,1
DA:64,1
DA:65,1
DA:68,5
DA:70,5
DA:75,10
DA:82,5
DA:86,1
DA:87,1
DA:91,1
DA:92,1
DA:96,2
DA:97,1
DA:102,1
DA:103,1
DA:106,1
DA:109,1
DA:111,1
DA:113,1
DA:115,1
DA:116,1
DA:119,1
DA:122,1
DA:125,1
DA:128,1
DA:132,13
LF:32
LH:32
BRDA:62,0,0,1
BRDA:62,0,1,0
BRDA:96,1,0,1
BRDA:96,1,1,1
BRF:4
BRH:3
end_of_record
